[1014/175825.954:ERROR:filesystem_win.cc(129)] GetFileAttributes C:\Users\Huzaifa\AppData\Local\Google\Chrome\User Data\Crashpad\attachments\c47130e6-399e-44ef-85e5-06b7d834e02a: The system cannot find the path specified. (0x3)
[1014/175825.955:ERROR:directory_reader_win.cc(43)] FindFirstFile: The system cannot find the path specified. (0x3)
[1015/204832.014:ERROR:directory_reader_win.cc(43)] FindFirstFile: The system cannot find the path specified. (0x3)
[1017/123949.641:ERROR:directory_reader_win.cc(43)] FindFirstFile: The system cannot find the path specified. (0x3)
[1017/190717.725:ERROR:directory_reader_win.cc(43)] FindFirstFile: The system cannot find the path specified. (0x3)
[1019/143653.643:ERROR:directory_reader_win.cc(43)] FindFirstFile: The system cannot find the path specified. (0x3)
[1019/162843.547:ERROR:directory_reader_win.cc(43)] FindFirstFile: The system cannot find the path specified. (0x3)
[1022/202800.658:ERROR:directory_reader_win.cc(43)] FindFirstFile: The system cannot find the path specified. (0x3)
[1022/223606.208:ERROR:filesystem_win.cc(129)] GetFileAttributes C:\Users\Huzaifa\AppData\Local\Google\Chrome\User Data\Crashpad\attachments\60d89423-ea16-482c-995a-6461cb4f2466: The system cannot find the path specified. (0x3)
[1022/223606.242:ERROR:directory_reader_win.cc(43)] FindFirstFile: The system cannot find the path specified. (0x3)
[1023/000301.103:ERROR:file_io.cc(135)] WriteFile: There is not enough space on the disk. (0x70)
[1023/000301.123:ERROR:crash_report_exception_handler.cc(113)] WriteEverything failed
[1023/000301.124:ERROR:filesystem_win.cc(148)] DeleteFile C:\Users\Huzaifa\AppData\Local\Google\Chrome\User Data\Crashpad\reports\1c8c0899-4c6c-46a7-a996-bcdefae63624.dmp: The process cannot access the file because it is being used by another process. (0x20)
[1023/142853.490:ERROR:directory_reader_win.cc(43)] FindFirstFile: The system cannot find the path specified. (0x3)
[1024/151119.760:ERROR:directory_reader_win.cc(43)] FindFirstFile: The system cannot find the path specified. (0x3)
[1024/224311.828:ERROR:process_info.cc(359)] UncheckedAllocate
[1024/230227.993:ERROR:process_info.cc(359)] UncheckedAllocate
[1024/230228.006:ERROR:file_io.cc(135)] WriteFile: There is not enough space on the disk. (0x70)
[1024/230228.028:ERROR:crash_report_exception_handler.cc(113)] WriteEverything failed
[1024/230228.029:ERROR:filesystem_win.cc(148)] DeleteFile C:\Users\Huzaifa\AppData\Local\Google\Chrome\User Data\Crashpad\reports\cedc7748-f60a-47a7-b24f-6de0d541cc20.dmp: The process cannot access the file because it is being used by another process. (0x20)
[1025/152112.920:ERROR:directory_reader_win.cc(43)] FindFirstFile: The system cannot find the path specified. (0x3)
[1027/145028.037:ERROR:directory_reader_win.cc(43)] FindFirstFile: The system cannot find the path specified. (0x3)
[1028/063119.605:ERROR:directory_reader_win.cc(43)] FindFirstFile: The system cannot find the path specified. (0x3)
[1028/161852.774:ERROR:directory_reader_win.cc(43)] FindFirstFile: The system cannot find the path specified. (0x3)
[1029/022522.925:ERROR:directory_reader_win.cc(43)] FindFirstFile: The system cannot find the path specified. (0x3)
[1105/183814.310:ERROR:directory_reader_win.cc(43)] FindFirstFile: The system cannot find the path specified. (0x3)
[1105/202139.099:ERROR:directory_reader_win.cc(43)] FindFirstFile: The system cannot find the path specified. (0x3)
[1105/213107.776:ERROR:directory_reader_win.cc(43)] FindFirstFile: The system cannot find the path specified. (0x3)
[1107/144557.518:ERROR:directory_reader_win.cc(43)] FindFirstFile: The system cannot find the path specified. (0x3)
[1108/004958.845:ERROR:directory_reader_win.cc(43)] FindFirstFile: The system cannot find the path specified. (0x3)
